v 2.000000 -3.000000 2.000000
v 1.837544 -2.850654 1.500005
v 2.425323 -2.850654 1.690989
v 1.474270 -2.850652 2.000000
v 1.837544 -2.850654 2.499995
v 2.425323 -2.850654 2.309011
v 2.262869 -2.525738 2.809012
v 2.723607 -2.447220 2.525725
v 2.587786 -2.000000 2.809017
v 2.951058 -2.000000 2.309013
v 2.688190 -1.474264 2.499997
v 2.894426 -1.552784 2.000000
v 2.525730 -1.149348 2.000000
v 2.162456 -1.149346 2.499995
v 2.000000 -1.000000 2.000000
v 2.276388 -1.552780 2.850649
v 1.737131 -1.474262 2.809012
v 1.574677 -1.149346 2.309011
v 1.276393 -1.552781 2.525725
v 1.149352 -1.474264 2.000000
v 1.574677 -1.149346 1.690989
v 1.276393 -1.552781 1.474275
v 1.737131 -1.474262 1.190988
v 2.162456 -1.149346 1.500005
v 2.276388 -1.552780 1.149351
v 2.688190 -1.474264 1.500003
v 2.000000 -2.000000 3.000000
v 1.412214 -2.000000 2.809017
v 1.723612 -2.447220 2.850649
v 1.311811 -2.525736 2.499997
v 1.048942 -2.000000 2.309013
v 1.048942 -2.000000 1.690987
v 1.105574 -2.447216 2.000000
v 1.311811 -2.525736 1.500003
v 1.412214 -2.000000 1.190983
v 2.000000 -2.000000 1.000000
v 1.723612 -2.447220 1.149351
v 2.262869 -2.525738 1.190988
v 2.587786 -2.000000 1.190983
v 2.951058 -2.000000 1.690987
v 2.723607 -2.447220 1.474275
v 2.850648 -2.525736 2.000000
vn 0.000000 -1.000000 0.000000
vn -0.162506 -0.850631 -0.500018
vn 0.425325 -0.850650 -0.309018
vn -0.525731 -0.850651 0.000000
vn -0.162506 -0.850631 0.500018
vn 0.425325 -0.850650 0.309018
vn 0.262906 -0.525711 0.809017
vn 0.723620 -0.447212 0.525714
vn 0.587803 0.000000 0.809004
vn 0.951056 0.000000 0.309018
vn 0.688207 0.525705 0.500005
vn 0.894427 0.447214 0.000000
vn 0.525731 0.850651 0.000000
vn 0.162506 0.850631 0.500018
vn 0.000000 1.000000 0.000000
vn 0.276413 0.447221 0.850640
vn -0.262906 0.525711 0.809017
vn -0.425325 0.850650 0.309018
vn -0.723620 0.447212 0.525714
vn -0.850651 0.525731 0.000000
vn -0.425325 0.850650 -0.309018
vn -0.723620 0.447212 -0.525714
vn -0.262906 0.525711 -0.809017
vn 0.162506 0.850631 -0.500018
vn 0.276413 0.447221 -0.850640
vn 0.688207 0.525705 -0.500005
vn 0.000000 0.000000 1.000000
vn -0.587803 0.000000 0.809004
vn -0.276413 -0.447221 0.850640
vn -0.688207 -0.525705 0.500005
vn -0.951056 0.000000 0.309018
vn -0.951056 0.000000 -0.309018
vn -0.894427 -0.447214 0.000000
vn -0.688207 -0.525705 -0.500005
vn -0.587803 0.000000 -0.809004
vn 0.000000 0.000000 -1.000000
vn -0.276413 -0.447221 -0.850640
vn 0.262906 -0.525711 -0.809017
vn 0.587803 0.000000 -0.809004
vn 0.951056 0.000000 -0.309018
vn 0.723620 -0.447212 -0.525714
vn 0.850651 -0.525731 0.000000
f 0 1 2
f 0 3 1
f 0 4 3
f 0 5 4
f 2 5 0
f 5 6 4
f 5 7 6
f 7 8 6
f 7 9 8
f 9 10 8
f 9 11 10
f 11 12 10
f 12 13 10
f 12 14 13
f 10 13 15
f 8 10 15
f 15 13 16
f 13 14 17
f 13 17 16
f 16 17 18
f 18 17 19
f 17 14 20
f 17 20 19
f 19 20 21
f 21 20 22
f 20 14 23
f 20 23 22
f 23 14 12
f 22 23 24
f 24 23 25
f 23 12 25
f 25 12 11
f 26 15 16
f 26 16 27
f 27 16 18
f 28 26 27
f 28 27 29
f 30 18 19
f 27 18 30
f 27 30 29
f 30 19 31
f 31 19 21
f 32 30 31
f 29 30 32
f 32 31 33
f 34 21 22
f 31 21 34
f 31 34 33
f 34 22 35
f 35 22 24
f 36 34 35
f 33 34 36
f 36 35 37
f 38 24 25
f 35 24 38
f 35 38 37
f 38 25 39
f 40 38 39
f 37 38 40
f 40 39 41
f 40 41 2
f 2 37 40
f 39 9 41
f 39 11 9
f 39 25 11
f 41 9 7
f 3 32 33
f 3 29 32
f 4 29 3
f 4 28 29
f 4 6 28
f 6 26 28
f 8 26 6
f 8 15 26
f 41 7 5
f 41 5 2
f 3 33 1
f 1 33 36
f 1 36 37
f 1 37 2
